<?xml version="1.0" encoding="UTF-8"?>
<coverage generated="1760781679638" clover="3.2.0">
  <project timestamp="1760781679638" name="All files">
    <metrics statements="123" coveredstatements="116" conditionals="43" coveredconditionals="39" methods="43" coveredmethods="36" elements="209" coveredelements="191" complexity="0" loc="123" ncloc="123" packages="6" files="10" classes="10"/>
    <package name="app">
      <metrics statements="13" coveredstatements="13" conditionals="0" coveredconditionals="0" methods="2" coveredmethods="2"/>
      <file name="layout.tsx" path="/Users/ahsannaseem/stockgenn/frontend/src/app/layout.tsx">
        <metrics statements="5" coveredstatements="5" conditionals="0" coveredconditionals="0" methods="1" coveredmethods="1"/>
        <line num="2" count="1" type="stmt"/>
        <line num="3" count="1" type="stmt"/>
        <line num="5" count="1" type="stmt"/>
        <line num="7" count="2" type="stmt"/>
        <line num="12" count="4" type="stmt"/>
      </file>
      <file name="page.tsx" path="/Users/ahsannaseem/stockgenn/frontend/src/app/page.tsx">
        <metrics statements="8" coveredstatements="8" conditionals="0" coveredconditionals="0" methods="1" coveredmethods="1"/>
        <line num="1" count="1" type="stmt"/>
        <line num="2" count="1" type="stmt"/>
        <line num="3" count="1" type="stmt"/>
        <line num="4" count="1" type="stmt"/>
        <line num="5" count="1" type="stmt"/>
        <line num="6" count="1" type="stmt"/>
        <line num="7" count="1" type="stmt"/>
        <line num="9" count="14" type="stmt"/>
      </file>
    </package>
    <package name="components.charts">
      <metrics statements="50" coveredstatements="46" conditionals="34" coveredconditionals="31" methods="25" coveredmethods="21"/>
      <file name="CompaniesTable.tsx" path="/Users/ahsannaseem/stockgenn/frontend/src/components/charts/CompaniesTable.tsx">
        <metrics statements="24" coveredstatements="22" conditionals="7" coveredconditionals="5" methods="15" coveredmethods="13"/>
        <line num="3" count="3" type="stmt"/>
        <line num="13" count="3" type="stmt"/>
        <line num="15" count="3" type="stmt"/>
        <line num="16" count="3" type="stmt"/>
        <line num="17" count="3" type="stmt"/>
        <line num="23" count="42" type="stmt"/>
        <line num="24" count="55" type="stmt"/>
        <line num="25" count="55" type="stmt"/>
        <line num="27" count="55" type="stmt"/>
        <line num="28" count="42" type="stmt"/>
        <line num="33" count="0" type="stmt"/>
        <line num="60" count="3" type="stmt"/>
        <line num="77" count="1" type="stmt"/>
        <line num="85" count="203" type="stmt"/>
        <line num="107" count="1" type="stmt"/>
        <line num="138" count="1" type="stmt"/>
        <line num="162" count="55" type="stmt"/>
        <line num="200" count="6" type="stmt"/>
        <line num="213" count="55" type="stmt"/>
        <line num="215" count="495" type="stmt"/>
        <line num="232" count="203" type="stmt"/>
        <line num="237" count="1827" type="stmt"/>
        <line num="263" count="0" type="stmt"/>
        <line num="273" count="1" type="stmt"/>
      </file>
      <file name="IndexCard.tsx" path="/Users/ahsannaseem/stockgenn/frontend/src/components/charts/IndexCard.tsx">
        <metrics statements="5" coveredstatements="5" conditionals="10" coveredconditionals="10" methods="1" coveredmethods="1"/>
        <line num="4" count="2" type="stmt"/>
        <line num="5" count="2" type="stmt"/>
        <line num="6" count="2" type="stmt"/>
        <line num="12" count="39" type="stmt"/>
        <line num="13" count="39" type="stmt"/>
      </file>
      <file name="IndexChart.tsx" path="/Users/ahsannaseem/stockgenn/frontend/src/components/charts/IndexChart.tsx">
        <metrics statements="21" coveredstatements="19" conditionals="17" coveredconditionals="16" methods="9" coveredmethods="7"/>
        <line num="3" count="2" type="stmt"/>
        <line num="4" count="2" type="stmt"/>
        <line num="6" count="2" type="stmt"/>
        <line num="7" count="2" type="stmt"/>
        <line num="8" count="2" type="stmt"/>
        <line num="14" count="2" type="stmt"/>
        <line num="16" count="19" type="stmt"/>
        <line num="17" count="43" type="stmt"/>
        <line num="18" count="43" type="stmt"/>
        <line num="21" count="43" type="stmt"/>
        <line num="22" count="43" type="stmt"/>
        <line num="33" count="43" type="stmt"/>
        <line num="34" count="43" type="stmt"/>
        <line num="37" count="4539" type="stmt"/>
        <line num="43" count="43" type="stmt"/>
        <line num="54" count="1" type="stmt"/>
        <line num="65" count="2" type="stmt"/>
        <line num="81" count="344" type="stmt"/>
        <line num="83" count="21" type="stmt"/>
        <line num="134" count="0" type="stmt"/>
        <line num="167" count="0" type="stmt"/>
      </file>
    </package>
    <package name="components.layout">
      <metrics statements="13" coveredstatements="10" conditionals="3" coveredconditionals="3" methods="7" coveredmethods="4"/>
      <file name="Footer.tsx" path="/Users/ahsannaseem/stockgenn/frontend/src/components/layout/Footer.tsx">
        <metrics statements="3" coveredstatements="3" conditionals="0" coveredconditionals="0" methods="1" coveredmethods="1"/>
        <line num="1" count="2" type="stmt"/>
        <line num="3" count="23" type="stmt"/>
        <line num="4" count="23" type="stmt"/>
      </file>
      <file name="Header.tsx" path="/Users/ahsannaseem/stockgenn/frontend/src/components/layout/Header.tsx">
        <metrics statements="10" coveredstatements="7" conditionals="3" coveredconditionals="3" methods="6" coveredmethods="3"/>
        <line num="3" count="2" type="stmt"/>
        <line num="4" count="2" type="stmt"/>
        <line num="5" count="2" type="stmt"/>
        <line num="7" count="22" type="stmt"/>
        <line num="8" count="24" type="stmt"/>
        <line num="52" count="1" type="stmt"/>
        <line num="74" count="1" type="stmt"/>
        <line num="81" count="0" type="stmt"/>
        <line num="88" count="0" type="stmt"/>
        <line num="95" count="0" type="stmt"/>
      </file>
    </package>
    <package name="components.ui">
      <metrics statements="9" coveredstatements="9" conditionals="0" coveredconditionals="0" methods="0" coveredmethods="0"/>
      <file name="Card.tsx" path="/Users/ahsannaseem/stockgenn/frontend/src/components/ui/Card.tsx">
        <metrics statements="9" coveredstatements="9" conditionals="0" coveredconditionals="0" methods="0" coveredmethods="0"/>
        <line num="1" count="7" type="stmt"/>
        <line num="2" count="7" type="stmt"/>
        <line num="18" count="7" type="stmt"/>
        <line num="29" count="7" type="stmt"/>
        <line num="40" count="7" type="stmt"/>
        <line num="51" count="7" type="stmt"/>
        <line num="58" count="7" type="stmt"/>
        <line num="69" count="7" type="stmt"/>
        <line num="71" count="141" type="stmt"/>
      </file>
    </package>
    <package name="data">
      <metrics statements="26" coveredstatements="26" conditionals="1" coveredconditionals="0" methods="4" coveredmethods="4"/>
      <file name="mockData.ts" path="/Users/ahsannaseem/stockgenn/frontend/src/data/mockData.ts">
        <metrics statements="26" coveredstatements="26" conditionals="1" coveredconditionals="0" methods="4" coveredmethods="4"/>
        <line num="5" count="4" type="stmt"/>
        <line num="6" count="4" type="stmt"/>
        <line num="7" count="4" type="stmt"/>
        <line num="9" count="4" type="stmt"/>
        <line num="10" count="1464" type="stmt"/>
        <line num="11" count="1464" type="stmt"/>
        <line num="13" count="1464" type="stmt"/>
        <line num="14" count="1464" type="stmt"/>
        <line num="16" count="1464" type="stmt"/>
        <line num="17" count="1464" type="stmt"/>
        <line num="18" count="1464" type="stmt"/>
        <line num="19" count="1464" type="stmt"/>
        <line num="20" count="1464" type="stmt"/>
        <line num="22" count="1464" type="stmt"/>
        <line num="33" count="4" type="stmt"/>
        <line num="37" count="6" type="stmt"/>
        <line num="107" count="2" type="stmt"/>
        <line num="132" count="2" type="stmt"/>
        <line num="158" count="20" type="stmt"/>
        <line num="192" count="46" type="stmt"/>
        <line num="209" count="17" type="stmt"/>
        <line num="226" count="17" type="stmt"/>
        <line num="233" count="52" type="stmt"/>
        <line num="236" count="16" type="stmt"/>
        <line num="237" count="16" type="stmt"/>
        <line num="238" count="18" type="stmt"/>
      </file>
    </package>
    <package name="lib">
      <metrics statements="12" coveredstatements="12" conditionals="5" coveredconditionals="5" methods="5" coveredmethods="5"/>
      <file name="utils.ts" path="/Users/ahsannaseem/stockgenn/frontend/src/lib/utils.ts">
        <metrics statements="12" coveredstatements="12" conditionals="5" coveredconditionals="5" methods="5" coveredmethods="5"/>
        <line num="1" count="9" type="stmt"/>
        <line num="2" count="9" type="stmt"/>
        <line num="4" count="1399" type="stmt"/>
        <line num="5" count="1399" type="stmt"/>
        <line num="8" count="207" type="cond" truecount="1" falsecount="0"/>
        <line num="9" count="207" type="stmt"/>
        <line num="17" count="5" type="cond" truecount="1" falsecount="0"/>
        <line num="18" count="251" type="stmt"/>
        <line num="24" count="246" type="cond" truecount="1" falsecount="0"/>
        <line num="25" count="246" type="cond" truecount="2" falsecount="0"/>
        <line num="28" count="488" type="stmt"/>
        <line num="29" count="488" type="stmt"/>
      </file>
    </package>
  </project>
</coverage>
