{"/Users/ahsannaseem/stockgenn/frontend/src/app/layout.tsx": {"path":"/Users/ahsannaseem/stockgenn/frontend/src/app/layout.tsx","statementMap":{"0":{"start":{"line":12,"column":24},"end":{"line":12,"column":35}},"1":{"start":{"line":7,"column":13},"end":{"line":7,"column":34}},"2":{"start":{"line":2,"column":22},"end":{"line":2,"column":null}},"3":{"start":{"line":3,"column":7},"end":{"line":3,"column":null}},"4":{"start":{"line":5,"column":14},"end":{"line":5,"column":null}},"5":{"start":{"line":7,"column":34},"end":{"line":10,"column":null}}},"fnMap":{"0":{"name":"RootLayout","decl":{"start":{"line":12,"column":24},"end":{"line":12,"column":35}},"loc":{"start":{"line":16,"column":1},"end":{"line":22,"column":null}}}},"branchMap":{},"s":{"0":4,"1":2,"2":1,"3":1,"4":1,"5":1},"f":{"0":4},"b":{}}
,"/Users/ahsannaseem/stockgenn/frontend/src/app/page.tsx": {"path":"/Users/ahsannaseem/stockgenn/frontend/src/app/page.tsx","statementMap":{"0":{"start":{"line":9,"column":24},"end":{"line":9,"column":null}},"1":{"start":{"line":1,"column":23},"end":{"line":1,"column":null}},"2":{"start":{"line":2,"column":23},"end":{"line":2,"column":null}},"3":{"start":{"line":3,"column":26},"end":{"line":3,"column":null}},"4":{"start":{"line":4,"column":27},"end":{"line":4,"column":null}},"5":{"start":{"line":5,"column":31},"end":{"line":5,"column":null}},"6":{"start":{"line":6,"column":31},"end":{"line":6,"column":null}},"7":{"start":{"line":7,"column":63},"end":{"line":7,"column":null}}},"fnMap":{"0":{"name":"Home","decl":{"start":{"line":9,"column":24},"end":{"line":9,"column":null}},"loc":{"start":{"line":9,"column":24},"end":{"line":56,"column":null}}}},"branchMap":{},"s":{"0":14,"1":1,"2":1,"3":1,"4":1,"5":1,"6":1,"7":1},"f":{"0":14},"b":{}}
,"/Users/ahsannaseem/stockgenn/frontend/src/components/charts/CompaniesTable.tsx": {"path":"/Users/ahsannaseem/stockgenn/frontend/src/components/charts/CompaniesTable.tsx","statementMap":{"0":{"start":{"line":23,"column":16},"end":{"line":23,"column":31}},"1":{"start":{"line":3,"column":34},"end":{"line":3,"column":null}},"2":{"start":{"line":13,"column":7},"end":{"line":13,"column":null}},"3":{"start":{"line":15,"column":74},"end":{"line":15,"column":null}},"4":{"start":{"line":16,"column":74},"end":{"line":16,"column":null}},"5":{"start":{"line":17,"column":83},"end":{"line":17,"column":null}},"6":{"start":{"line":24,"column":32},"end":{"line":24,"column":null}},"7":{"start":{"line":25,"column":42},"end":{"line":25,"column":null}},"8":{"start":{"line":27,"column":18},"end":{"line":159,"column":null}},"9":{"start":{"line":28,"column":10},"end":{"line":158,"column":null}},"10":{"start":{"line":33,"column":27},"end":{"line":33,"column":null}},"11":{"start":{"line":60,"column":27},"end":{"line":60,"column":null}},"12":{"start":{"line":77,"column":27},"end":{"line":77,"column":null}},"13":{"start":{"line":85,"column":29},"end":{"line":85,"column":null}},"14":{"start":{"line":107,"column":27},"end":{"line":107,"column":null}},"15":{"start":{"line":138,"column":27},"end":{"line":138,"column":null}},"16":{"start":{"line":162,"column":16},"end":{"line":180,"column":null}},"17":{"start":{"line":200,"column":31},"end":{"line":200,"column":null}},"18":{"start":{"line":213,"column":16},"end":{"line":213,"column":41}},"19":{"start":{"line":215,"column":20},"end":{"line":216,"column":null}},"20":{"start":{"line":232,"column":16},"end":{"line":233,"column":null}},"21":{"start":{"line":237,"column":20},"end":{"line":237,"column":38}},"22":{"start":{"line":263,"column":29},"end":{"line":263,"column":null}},"23":{"start":{"line":273,"column":29},"end":{"line":273,"column":null}}},"fnMap":{"0":{"name":"CompaniesTable","decl":{"start":{"line":23,"column":16},"end":{"line":23,"column":31}},"loc":{"start":{"line":23,"column":65},"end":{"line":284,"column":null}}},"1":{"name":"(anonymous_2)","decl":{"start":{"line":28,"column":4},"end":{"line":28,"column":10}},"loc":{"start":{"line":28,"column":10},"end":{"line":158,"column":null}}},"2":{"name":"(anonymous_4)","decl":{"start":{"line":33,"column":21},"end":{"line":33,"column":27}},"loc":{"start":{"line":33,"column":27},"end":{"line":33,"column":null}}},"3":{"name":"(anonymous_8)","decl":{"start":{"line":60,"column":21},"end":{"line":60,"column":27}},"loc":{"start":{"line":60,"column":27},"end":{"line":60,"column":null}}},"4":{"name":"(anonymous_11)","decl":{"start":{"line":77,"column":21},"end":{"line":77,"column":27}},"loc":{"start":{"line":77,"column":27},"end":{"line":77,"column":null}}},"5":{"name":"(anonymous_12)","decl":{"start":{"line":84,"column":14},"end":{"line":84,"column":15}},"loc":{"start":{"line":84,"column":22},"end":{"line":101,"column":null}}},"6":{"name":"(anonymous_14)","decl":{"start":{"line":107,"column":21},"end":{"line":107,"column":27}},"loc":{"start":{"line":107,"column":27},"end":{"line":107,"column":null}}},"7":{"name":"(anonymous_19)","decl":{"start":{"line":138,"column":21},"end":{"line":138,"column":27}},"loc":{"start":{"line":138,"column":27},"end":{"line":138,"column":null}}},"8":{"name":"(anonymous_22)","decl":{"start":{"line":200,"column":24},"end":{"line":200,"column":25}},"loc":{"start":{"line":200,"column":31},"end":{"line":200,"column":null}}},"9":{"name":"(anonymous_23)","decl":{"start":{"line":212,"column":43},"end":{"line":212,"column":44}},"loc":{"start":{"line":213,"column":16},"end":{"line":213,"column":41}}},"10":{"name":"(anonymous_24)","decl":{"start":{"line":214,"column":43},"end":{"line":214,"column":44}},"loc":{"start":{"line":215,"column":20},"end":{"line":216,"column":null}}},"11":{"name":"(anonymous_25)","decl":{"start":{"line":231,"column":44},"end":{"line":231,"column":45}},"loc":{"start":{"line":232,"column":16},"end":{"line":233,"column":null}}},"12":{"name":"(anonymous_26)","decl":{"start":{"line":236,"column":45},"end":{"line":236,"column":46}},"loc":{"start":{"line":237,"column":20},"end":{"line":237,"column":38}}},"13":{"name":"(anonymous_27)","decl":{"start":{"line":263,"column":23},"end":{"line":263,"column":29}},"loc":{"start":{"line":263,"column":29},"end":{"line":263,"column":null}}},"14":{"name":"(anonymous_28)","decl":{"start":{"line":273,"column":23},"end":{"line":273,"column":29}},"loc":{"start":{"line":273,"column":29},"end":{"line":273,"column":null}}}},"branchMap":{"0":{"loc":{"start":{"line":89,"column":16},"end":{"line":91,"column":17}},"type":"cond-expr","locations":[{"start":{"line":89,"column":16},"end":{"line":91,"column":17}}]},"1":{"loc":{"start":{"line":95,"column":16},"end":{"line":95,"column":null}},"type":"cond-expr","locations":[{"start":{"line":95,"column":29},"end":{"line":95,"column":46}},{"start":{"line":95,"column":46},"end":{"line":95,"column":null}}]},"2":{"loc":{"start":{"line":199,"column":21},"end":{"line":199,"column":null}},"type":"binary-expr","locations":[{"start":{"line":199,"column":21},"end":{"line":199,"column":37}},{"start":{"line":199,"column":37},"end":{"line":199,"column":null}}]},"3":{"loc":{"start":{"line":219,"column":23},"end":{"line":223,"column":null}},"type":"cond-expr","locations":[{"start":{"line":220,"column":26},"end":{"line":220,"column":null}},{"start":{"line":221,"column":26},"end":{"line":223,"column":null}}]}},"s":{"0":42,"1":3,"2":3,"3":3,"4":3,"5":3,"6":55,"7":55,"8":55,"9":42,"10":0,"11":3,"12":1,"13":203,"14":1,"15":1,"16":55,"17":6,"18":55,"19":495,"20":203,"21":1827,"22":0,"23":1},"f":{"0":55,"1":42,"2":0,"3":3,"4":1,"5":203,"6":1,"7":1,"8":6,"9":55,"10":495,"11":203,"12":1827,"13":0,"14":1},"b":{"0":[115],"1":[115,88],"2":[55,0],"3":[0,495]}}
,"/Users/ahsannaseem/stockgenn/frontend/src/components/charts/IndexCard.tsx": {"path":"/Users/ahsannaseem/stockgenn/frontend/src/components/charts/IndexCard.tsx","statementMap":{"0":{"start":{"line":12,"column":16},"end":{"line":12,"column":26}},"1":{"start":{"line":4,"column":57},"end":{"line":4,"column":null}},"2":{"start":{"line":5,"column":58},"end":{"line":5,"column":null}},"3":{"start":{"line":6,"column":61},"end":{"line":6,"column":null}},"4":{"start":{"line":13,"column":21},"end":{"line":13,"column":null}}},"fnMap":{"0":{"name":"IndexCard","decl":{"start":{"line":12,"column":16},"end":{"line":12,"column":26}},"loc":{"start":{"line":12,"column":51},"end":{"line":106,"column":null}}}},"branchMap":{"0":{"loc":{"start":{"line":25,"column":12},"end":{"line":25,"column":null}},"type":"cond-expr","locations":[{"start":{"line":25,"column":25},"end":{"line":25,"column":43}},{"start":{"line":25,"column":43},"end":{"line":25,"column":null}}]},"1":{"loc":{"start":{"line":28,"column":14},"end":{"line":30,"column":15}},"type":"cond-expr","locations":[{"start":{"line":28,"column":14},"end":{"line":30,"column":15}}]},"2":{"loc":{"start":{"line":44,"column":14},"end":{"line":44,"column":null}},"type":"cond-expr","locations":[{"start":{"line":44,"column":27},"end":{"line":44,"column":44}},{"start":{"line":44,"column":44},"end":{"line":44,"column":null}}]},"3":{"loc":{"start":{"line":47,"column":16},"end":{"line":49,"column":17}},"type":"cond-expr","locations":[{"start":{"line":47,"column":16},"end":{"line":49,"column":17}}]},"4":{"loc":{"start":{"line":58,"column":12},"end":{"line":58,"column":null}},"type":"cond-expr","locations":[{"start":{"line":58,"column":25},"end":{"line":58,"column":42}},{"start":{"line":58,"column":42},"end":{"line":58,"column":null}}]},"5":{"loc":{"start":{"line":60,"column":13},"end":{"line":60,"column":36}},"type":"cond-expr","locations":[{"start":{"line":60,"column":26},"end":{"line":60,"column":32}},{"start":{"line":60,"column":32},"end":{"line":60,"column":36}}]}},"s":{"0":39,"1":2,"2":2,"3":2,"4":39},"f":{"0":39},"b":{"0":[37,2],"1":[37],"2":[37,2],"3":[37],"4":[37,2],"5":[37,2]}}
,"/Users/ahsannaseem/stockgenn/frontend/src/components/charts/IndexChart.tsx": {"path":"/Users/ahsannaseem/stockgenn/frontend/src/components/charts/IndexChart.tsx","statementMap":{"0":{"start":{"line":16,"column":16},"end":{"line":16,"column":27}},"1":{"start":{"line":3,"column":25},"end":{"line":3,"column":null}},"2":{"start":{"line":4,"column":108},"end":{"line":4,"column":null}},"3":{"start":{"line":6,"column":57},"end":{"line":6,"column":null}},"4":{"start":{"line":7,"column":19},"end":{"line":7,"column":null}},"5":{"start":{"line":8,"column":23},"end":{"line":8,"column":null}},"6":{"start":{"line":14,"column":32},"end":{"line":14,"column":null}},"7":{"start":{"line":17,"column":52},"end":{"line":17,"column":null}},"8":{"start":{"line":18,"column":36},"end":{"line":18,"column":null}},"9":{"start":{"line":21,"column":26},"end":{"line":35,"column":null}},"10":{"start":{"line":22,"column":47},"end":{"line":31,"column":null}},"11":{"start":{"line":33,"column":17},"end":{"line":33,"column":43}},"12":{"start":{"line":34,"column":4},"end":{"line":34,"column":null}},"13":{"start":{"line":37,"column":20},"end":{"line":41,"column":null}},"14":{"start":{"line":37,"column":52},"end":{"line":41,"column":null}},"15":{"start":{"line":43,"column":21},"end":{"line":43,"column":null}},"16":{"start":{"line":54,"column":29},"end":{"line":54,"column":null}},"17":{"start":{"line":65,"column":29},"end":{"line":65,"column":null}},"18":{"start":{"line":81,"column":12},"end":{"line":82,"column":null}},"19":{"start":{"line":83,"column":29},"end":{"line":83,"column":null}},"20":{"start":{"line":134,"column":48},"end":{"line":137,"column":null}},"21":{"start":{"line":167,"column":48},"end":{"line":170,"column":null}}},"fnMap":{"0":{"name":"IndexChart","decl":{"start":{"line":16,"column":16},"end":{"line":16,"column":27}},"loc":{"start":{"line":16,"column":53},"end":{"line":186,"column":null}}},"1":{"name":"(anonymous_2)","decl":{"start":{"line":21,"column":26},"end":{"line":21,"column":null}},"loc":{"start":{"line":21,"column":26},"end":{"line":35,"column":null}}},"2":{"name":"(anonymous_3)","decl":{"start":{"line":37,"column":42},"end":{"line":37,"column":52}},"loc":{"start":{"line":37,"column":52},"end":{"line":41,"column":null}}},"3":{"name":"(anonymous_4)","decl":{"start":{"line":54,"column":23},"end":{"line":54,"column":29}},"loc":{"start":{"line":54,"column":29},"end":{"line":54,"column":null}}},"4":{"name":"(anonymous_5)","decl":{"start":{"line":65,"column":23},"end":{"line":65,"column":29}},"loc":{"start":{"line":65,"column":29},"end":{"line":65,"column":null}}},"5":{"name":"(anonymous_6)","decl":{"start":{"line":80,"column":26},"end":{"line":80,"column":27}},"loc":{"start":{"line":81,"column":12},"end":{"line":82,"column":null}}},"6":{"name":"(anonymous_7)","decl":{"start":{"line":83,"column":23},"end":{"line":83,"column":29}},"loc":{"start":{"line":83,"column":29},"end":{"line":83,"column":null}}},"7":{"name":"(anonymous_8)","decl":{"start":{"line":134,"column":29},"end":{"line":134,"column":30}},"loc":{"start":{"line":134,"column":48},"end":{"line":137,"column":null}}},"8":{"name":"(anonymous_9)","decl":{"start":{"line":167,"column":29},"end":{"line":167,"column":30}},"loc":{"start":{"line":167,"column":48},"end":{"line":170,"column":null}}}},"branchMap":{"0":{"loc":{"start":{"line":40,"column":41},"end":{"line":40,"column":null}},"type":"cond-expr","locations":[{"start":{"line":40,"column":70},"end":{"line":40,"column":80}},{"start":{"line":40,"column":80},"end":{"line":40,"column":null}}]},"1":{"loc":{"start":{"line":57,"column":16},"end":{"line":59,"column":null}},"type":"cond-expr","locations":[{"start":{"line":58,"column":20},"end":{"line":58,"column":null}},{"start":{"line":59,"column":20},"end":{"line":59,"column":null}}]},"2":{"loc":{"start":{"line":68,"column":16},"end":{"line":70,"column":null}},"type":"cond-expr","locations":[{"start":{"line":69,"column":20},"end":{"line":69,"column":null}},{"start":{"line":70,"column":20},"end":{"line":70,"column":null}}]},"3":{"loc":{"start":{"line":86,"column":16},"end":{"line":88,"column":null}},"type":"cond-expr","locations":[{"start":{"line":87,"column":20},"end":{"line":87,"column":null}},{"start":{"line":88,"column":20},"end":{"line":88,"column":null}}]},"4":{"loc":{"start":{"line":101,"column":14},"end":{"line":148,"column":15}},"type":"cond-expr","locations":[{"start":{"line":101,"column":14},"end":{"line":148,"column":15}}]},"5":{"loc":{"start":{"line":106,"column":33},"end":{"line":106,"column":null}},"type":"cond-expr","locations":[{"start":{"line":106,"column":46},"end":{"line":106,"column":58}},{"start":{"line":106,"column":58},"end":{"line":106,"column":null}}]},"6":{"loc":{"start":{"line":111,"column":33},"end":{"line":111,"column":null}},"type":"cond-expr","locations":[{"start":{"line":111,"column":46},"end":{"line":111,"column":58}},{"start":{"line":111,"column":58},"end":{"line":111,"column":null}}]},"7":{"loc":{"start":{"line":142,"column":26},"end":{"line":142,"column":null}},"type":"cond-expr","locations":[{"start":{"line":142,"column":39},"end":{"line":142,"column":51}},{"start":{"line":142,"column":51},"end":{"line":142,"column":null}}]},"8":{"loc":{"start":{"line":175,"column":26},"end":{"line":175,"column":null}},"type":"cond-expr","locations":[{"start":{"line":175,"column":39},"end":{"line":175,"column":51}},{"start":{"line":175,"column":51},"end":{"line":175,"column":null}}]}},"s":{"0":19,"1":2,"2":2,"3":2,"4":2,"5":2,"6":2,"7":43,"8":43,"9":43,"10":43,"11":43,"12":43,"13":43,"14":4539,"15":43,"16":1,"17":2,"18":344,"19":21,"20":0,"21":0},"f":{"0":43,"1":43,"2":4539,"3":1,"4":2,"5":344,"6":21,"7":0,"8":0},"b":{"0":[3,4536],"1":[41,2],"2":[2,41],"3":[43,301],"4":[41],"5":[40,1],"6":[40,1],"7":[40,1],"8":[2,0]}}
,"/Users/ahsannaseem/stockgenn/frontend/src/components/layout/Footer.tsx": {"path":"/Users/ahsannaseem/stockgenn/frontend/src/components/layout/Footer.tsx","statementMap":{"0":{"start":{"line":3,"column":16},"end":{"line":3,"column":null}},"1":{"start":{"line":1,"column":42},"end":{"line":1,"column":null}},"2":{"start":{"line":4,"column":22},"end":{"line":4,"column":null}}},"fnMap":{"0":{"name":"Footer","decl":{"start":{"line":3,"column":16},"end":{"line":3,"column":null}},"loc":{"start":{"line":3,"column":16},"end":{"line":103,"column":null}}}},"branchMap":{},"s":{"0":23,"1":2,"2":23},"f":{"0":23},"b":{}}
,"/Users/ahsannaseem/stockgenn/frontend/src/components/layout/Header.tsx": {"path":"/Users/ahsannaseem/stockgenn/frontend/src/components/layout/Header.tsx","statementMap":{"0":{"start":{"line":7,"column":16},"end":{"line":7,"column":null}},"1":{"start":{"line":3,"column":36},"end":{"line":3,"column":null}},"2":{"start":{"line":4,"column":25},"end":{"line":4,"column":null}},"3":{"start":{"line":5,"column":19},"end":{"line":5,"column":null}},"4":{"start":{"line":8,"column":46},"end":{"line":8,"column":null}},"5":{"start":{"line":52,"column":27},"end":{"line":52,"column":null}},"6":{"start":{"line":74,"column":29},"end":{"line":74,"column":null}},"7":{"start":{"line":81,"column":29},"end":{"line":81,"column":null}},"8":{"start":{"line":88,"column":29},"end":{"line":88,"column":null}},"9":{"start":{"line":95,"column":29},"end":{"line":95,"column":null}}},"fnMap":{"0":{"name":"Header","decl":{"start":{"line":7,"column":16},"end":{"line":7,"column":null}},"loc":{"start":{"line":7,"column":16},"end":{"line":108,"column":null}}},"1":{"name":"(anonymous_2)","decl":{"start":{"line":52,"column":21},"end":{"line":52,"column":27}},"loc":{"start":{"line":52,"column":27},"end":{"line":52,"column":null}}},"2":{"name":"(anonymous_3)","decl":{"start":{"line":74,"column":23},"end":{"line":74,"column":29}},"loc":{"start":{"line":74,"column":29},"end":{"line":74,"column":null}}},"3":{"name":"(anonymous_4)","decl":{"start":{"line":81,"column":23},"end":{"line":81,"column":29}},"loc":{"start":{"line":81,"column":29},"end":{"line":81,"column":null}}},"4":{"name":"(anonymous_5)","decl":{"start":{"line":88,"column":23},"end":{"line":88,"column":29}},"loc":{"start":{"line":88,"column":29},"end":{"line":88,"column":null}}},"5":{"name":"(anonymous_6)","decl":{"start":{"line":95,"column":23},"end":{"line":95,"column":29}},"loc":{"start":{"line":95,"column":29},"end":{"line":95,"column":null}}}},"branchMap":{"0":{"loc":{"start":{"line":56,"column":14},"end":{"line":58,"column":15}},"type":"cond-expr","locations":[{"start":{"line":56,"column":14},"end":{"line":58,"column":15}}]},"1":{"loc":{"start":{"line":67,"column":12},"end":{"line":67,"column":null}},"type":"cond-expr","locations":[{"start":{"line":67,"column":29},"end":{"line":67,"column":47}},{"start":{"line":67,"column":47},"end":{"line":67,"column":null}}]}},"s":{"0":22,"1":2,"2":2,"3":2,"4":24,"5":1,"6":1,"7":0,"8":0,"9":0},"f":{"0":24,"1":1,"2":1,"3":0,"4":0,"5":0},"b":{"0":[1],"1":[1,23]}}
,"/Users/ahsannaseem/stockgenn/frontend/src/components/ui/Card.tsx": {"path":"/Users/ahsannaseem/stockgenn/frontend/src/components/ui/Card.tsx","statementMap":{"0":{"start":{"line":71,"column":9},"end":{"line":71,"column":15}},"1":{"start":{"line":71,"column":67},"end":{"line":71,"column":null}},"2":{"start":{"line":71,"column":50},"end":{"line":71,"column":67}},"3":{"start":{"line":71,"column":27},"end":{"line":71,"column":39}},"4":{"start":{"line":71,"column":15},"end":{"line":71,"column":27}},"5":{"start":{"line":71,"column":39},"end":{"line":71,"column":50}},"6":{"start":{"line":1,"column":19},"end":{"line":1,"column":null}},"7":{"start":{"line":2,"column":43},"end":{"line":2,"column":null}},"8":{"start":{"line":18,"column":0},"end":{"line":18,"column":null}},"9":{"start":{"line":29,"column":0},"end":{"line":29,"column":null}},"10":{"start":{"line":40,"column":0},"end":{"line":40,"column":null}},"11":{"start":{"line":51,"column":0},"end":{"line":51,"column":null}},"12":{"start":{"line":58,"column":0},"end":{"line":58,"column":null}},"13":{"start":{"line":69,"column":0},"end":{"line":69,"column":null}}},"fnMap":{},"branchMap":{},"s":{"0":141,"1":140,"2":58,"3":3,"4":140,"5":140,"6":7,"7":7,"8":7,"9":7,"10":7,"11":7,"12":7,"13":7},"f":{},"b":{}}
,"/Users/ahsannaseem/stockgenn/frontend/src/data/mockData.ts": {"path":"/Users/ahsannaseem/stockgenn/frontend/src/data/mockData.ts","statementMap":{"0":{"start":{"line":226,"column":13},"end":{"line":226,"column":43}},"1":{"start":{"line":37,"column":13},"end":{"line":37,"column":46}},"2":{"start":{"line":192,"column":13},"end":{"line":192,"column":38}},"3":{"start":{"line":209,"column":13},"end":{"line":209,"column":37}},"4":{"start":{"line":233,"column":13},"end":{"line":233,"column":46}},"5":{"start":{"line":158,"column":13},"end":{"line":158,"column":37}},"6":{"start":{"line":5,"column":34},"end":{"line":5,"column":36}},"7":{"start":{"line":6,"column":21},"end":{"line":6,"column":null}},"8":{"start":{"line":7,"column":14},"end":{"line":7,"column":null}},"9":{"start":{"line":9,"column":2},"end":{"line":31,"column":null}},"10":{"start":{"line":9,"column":15},"end":{"line":9,"column":21}},"11":{"start":{"line":10,"column":22},"end":{"line":10,"column":null}},"12":{"start":{"line":11,"column":4},"end":{"line":11,"column":null}},"13":{"start":{"line":13,"column":19},"end":{"line":13,"column":null}},"14":{"start":{"line":14,"column":4},"end":{"line":14,"column":null}},"15":{"start":{"line":16,"column":17},"end":{"line":16,"column":null}},"16":{"start":{"line":17,"column":18},"end":{"line":17,"column":null}},"17":{"start":{"line":18,"column":17},"end":{"line":18,"column":null}},"18":{"start":{"line":19,"column":16},"end":{"line":19,"column":null}},"19":{"start":{"line":20,"column":19},"end":{"line":20,"column":null}},"20":{"start":{"line":22,"column":4},"end":{"line":30,"column":null}},"21":{"start":{"line":33,"column":2},"end":{"line":33,"column":null}},"22":{"start":{"line":37,"column":46},"end":{"line":104,"column":null}},"23":{"start":{"line":107,"column":40},"end":{"line":130,"column":null}},"24":{"start":{"line":132,"column":39},"end":{"line":155,"column":null}},"25":{"start":{"line":158,"column":37},"end":{"line":189,"column":null}},"26":{"start":{"line":192,"column":38},"end":{"line":206,"column":null}},"27":{"start":{"line":209,"column":37},"end":{"line":223,"column":null}},"28":{"start":{"line":226,"column":43},"end":{"line":230,"column":null}},"29":{"start":{"line":233,"column":46},"end":{"line":241,"column":null}},"30":{"start":{"line":236,"column":47},"end":{"line":236,"column":80}},"31":{"start":{"line":237,"column":46},"end":{"line":237,"column":79}},"32":{"start":{"line":238,"column":47},"end":{"line":238,"column":66}}},"fnMap":{"0":{"name":"generateHistoricalData","decl":{"start":{"line":4,"column":9},"end":{"line":4,"column":32}},"loc":{"start":{"line":4,"column":90},"end":{"line":34,"column":null}}},"1":{"name":"(anonymous_8)","decl":{"start":{"line":236,"column":37},"end":{"line":236,"column":38}},"loc":{"start":{"line":236,"column":47},"end":{"line":236,"column":80}}},"2":{"name":"(anonymous_9)","decl":{"start":{"line":237,"column":36},"end":{"line":237,"column":37}},"loc":{"start":{"line":237,"column":46},"end":{"line":237,"column":79}}},"3":{"name":"(anonymous_10)","decl":{"start":{"line":238,"column":37},"end":{"line":238,"column":38}},"loc":{"start":{"line":238,"column":47},"end":{"line":238,"column":66}}}},"branchMap":{"0":{"loc":{"start":{"line":4,"column":65},"end":{"line":4,"column":90}},"type":"default-arg","locations":[{"start":{"line":4,"column":86},"end":{"line":4,"column":90}}]}},"s":{"0":17,"1":6,"2":46,"3":17,"4":52,"5":20,"6":4,"7":4,"8":4,"9":4,"10":4,"11":1464,"12":1464,"13":1464,"14":1464,"15":1464,"16":1464,"17":1464,"18":1464,"19":1464,"20":1464,"21":4,"22":2,"23":2,"24":2,"25":2,"26":2,"27":2,"28":2,"29":2,"30":16,"31":16,"32":18},"f":{"0":4,"1":16,"2":16,"3":18},"b":{"0":[0]}}
,"/Users/ahsannaseem/stockgenn/frontend/src/lib/utils.ts": {"path":"/Users/ahsannaseem/stockgenn/frontend/src/lib/utils.ts","statementMap":{"0":{"start":{"line":4,"column":16},"end":{"line":4,"column":19}},"1":{"start":{"line":28,"column":16},"end":{"line":28,"column":36}},"2":{"start":{"line":8,"column":16},"end":{"line":8,"column":31}},"3":{"start":{"line":17,"column":16},"end":{"line":17,"column":29}},"4":{"start":{"line":24,"column":16},"end":{"line":24,"column":33}},"5":{"start":{"line":1,"column":38},"end":{"line":1,"column":null}},"6":{"start":{"line":2,"column":24},"end":{"line":2,"column":null}},"7":{"start":{"line":5,"column":2},"end":{"line":5,"column":null}},"8":{"start":{"line":9,"column":2},"end":{"line":14,"column":null}},"9":{"start":{"line":18,"column":2},"end":{"line":21,"column":null}},"10":{"start":{"line":25,"column":2},"end":{"line":25,"column":null}},"11":{"start":{"line":29,"column":2},"end":{"line":32,"column":null}}},"fnMap":{"0":{"name":"cn","decl":{"start":{"line":4,"column":16},"end":{"line":4,"column":19}},"loc":{"start":{"line":4,"column":42},"end":{"line":6,"column":null}}},"1":{"name":"formatCurrency","decl":{"start":{"line":8,"column":16},"end":{"line":8,"column":31}},"loc":{"start":{"line":8,"column":70},"end":{"line":15,"column":null}}},"2":{"name":"formatNumber","decl":{"start":{"line":17,"column":16},"end":{"line":17,"column":29}},"loc":{"start":{"line":17,"column":64},"end":{"line":22,"column":null}}},"3":{"name":"formatPercentage","decl":{"start":{"line":24,"column":16},"end":{"line":24,"column":33}},"loc":{"start":{"line":24,"column":68},"end":{"line":26,"column":null}}},"4":{"name":"formatCompactNumber","decl":{"start":{"line":28,"column":16},"end":{"line":28,"column":36}},"loc":{"start":{"line":28,"column":49},"end":{"line":33,"column":null}}}},"branchMap":{"0":{"loc":{"start":{"line":8,"column":46},"end":{"line":8,"column":70}},"type":"default-arg","locations":[{"start":{"line":8,"column":65},"end":{"line":8,"column":70}}]},"1":{"loc":{"start":{"line":17,"column":44},"end":{"line":17,"column":64}},"type":"default-arg","locations":[{"start":{"line":17,"column":63},"end":{"line":17,"column":64}}]},"2":{"loc":{"start":{"line":24,"column":48},"end":{"line":24,"column":68}},"type":"default-arg","locations":[{"start":{"line":24,"column":67},"end":{"line":24,"column":68}}]},"3":{"loc":{"start":{"line":25,"column":12},"end":{"line":25,"column":36}},"type":"cond-expr","locations":[{"start":{"line":25,"column":25},"end":{"line":25,"column":31}},{"start":{"line":25,"column":31},"end":{"line":25,"column":36}}]}},"s":{"0":1399,"1":488,"2":207,"3":5,"4":246,"5":9,"6":9,"7":1399,"8":207,"9":251,"10":246,"11":488},"f":{"0":1399,"1":207,"2":251,"3":246,"4":488},"b":{"0":[206],"1":[3],"2":[245],"3":[155,91]}}
}
