TN:
SF:src/app/layout.tsx
FN:12,RootLayout
FNF:1
FNH:1
FNDA:4,RootLayout
DA:2,1
DA:3,1
DA:5,1
DA:7,2
DA:12,4
LF:5
LH:5
BRF:0
BRH:0
end_of_record
TN:
SF:src/app/page.tsx
FN:9,Home
FNF:1
FNH:1
FNDA:14,Home
DA:1,1
DA:2,1
DA:3,1
DA:4,1
DA:5,1
DA:6,1
DA:7,1
DA:9,14
LF:8
LH:8
BRF:0
BRH:0
end_of_record
TN:
SF:src/components/charts/CompaniesTable.tsx
FN:23,CompaniesTable
FN:28,(anonymous_2)
FN:33,(anonymous_4)
FN:60,(anonymous_8)
FN:77,(anonymous_11)
FN:84,(anonymous_12)
FN:107,(anonymous_14)
FN:138,(anonymous_19)
FN:200,(anonymous_22)
FN:212,(anonymous_23)
FN:214,(anonymous_24)
FN:231,(anonymous_25)
FN:236,(anonymous_26)
FN:263,(anonymous_27)
FN:273,(anonymous_28)
FNF:15
FNH:13
FNDA:55,CompaniesTable
FNDA:42,(anonymous_2)
FNDA:0,(anonymous_4)
FNDA:3,(anonymous_8)
FNDA:1,(anonymous_11)
FNDA:203,(anonymous_12)
FNDA:1,(anonymous_14)
FNDA:1,(anonymous_19)
FNDA:6,(anonymous_22)
FNDA:55,(anonymous_23)
FNDA:495,(anonymous_24)
FNDA:203,(anonymous_25)
FNDA:1827,(anonymous_26)
FNDA:0,(anonymous_27)
FNDA:1,(anonymous_28)
DA:3,3
DA:13,3
DA:15,3
DA:16,3
DA:17,3
DA:23,42
DA:24,55
DA:25,55
DA:27,55
DA:28,42
DA:33,0
DA:60,3
DA:77,1
DA:85,203
DA:107,1
DA:138,1
DA:162,55
DA:200,6
DA:213,55
DA:215,495
DA:232,203
DA:237,1827
DA:263,0
DA:273,1
LF:24
LH:22
BRDA:89,0,0,115
BRDA:95,1,0,115
BRDA:95,1,1,88
BRDA:199,2,0,55
BRDA:199,2,1,0
BRDA:219,3,0,0
BRDA:219,3,1,495
BRF:7
BRH:5
end_of_record
TN:
SF:src/components/charts/IndexCard.tsx
FN:12,IndexCard
FNF:1
FNH:1
FNDA:39,IndexCard
DA:4,2
DA:5,2
DA:6,2
DA:12,39
DA:13,39
LF:5
LH:5
BRDA:25,0,0,37
BRDA:25,0,1,2
BRDA:28,1,0,37
BRDA:44,2,0,37
BRDA:44,2,1,2
BRDA:47,3,0,37
BRDA:58,4,0,37
BRDA:58,4,1,2
BRDA:60,5,0,37
BRDA:60,5,1,2
BRF:10
BRH:10
end_of_record
TN:
SF:src/components/charts/IndexChart.tsx
FN:16,IndexChart
FN:21,(anonymous_2)
FN:37,(anonymous_3)
FN:54,(anonymous_4)
FN:65,(anonymous_5)
FN:80,(anonymous_6)
FN:83,(anonymous_7)
FN:134,(anonymous_8)
FN:167,(anonymous_9)
FNF:9
FNH:7
FNDA:43,IndexChart
FNDA:43,(anonymous_2)
FNDA:4539,(anonymous_3)
FNDA:1,(anonymous_4)
FNDA:2,(anonymous_5)
FNDA:344,(anonymous_6)
FNDA:21,(anonymous_7)
FNDA:0,(anonymous_8)
FNDA:0,(anonymous_9)
DA:3,2
DA:4,2
DA:6,2
DA:7,2
DA:8,2
DA:14,2
DA:16,19
DA:17,43
DA:18,43
DA:21,43
DA:22,43
DA:33,43
DA:34,43
DA:37,4539
DA:43,43
DA:54,1
DA:65,2
DA:81,344
DA:83,21
DA:134,0
DA:167,0
LF:21
LH:19
BRDA:40,0,0,3
BRDA:40,0,1,4536
BRDA:57,1,0,41
BRDA:57,1,1,2
BRDA:68,2,0,2
BRDA:68,2,1,41
BRDA:86,3,0,43
BRDA:86,3,1,301
BRDA:101,4,0,41
BRDA:106,5,0,40
BRDA:106,5,1,1
BRDA:111,6,0,40
BRDA:111,6,1,1
BRDA:142,7,0,40
BRDA:142,7,1,1
BRDA:175,8,0,2
BRDA:175,8,1,0
BRF:17
BRH:16
end_of_record
TN:
SF:src/components/layout/Footer.tsx
FN:3,Footer
FNF:1
FNH:1
FNDA:23,Footer
DA:1,2
DA:3,23
DA:4,23
LF:3
LH:3
BRF:0
BRH:0
end_of_record
TN:
SF:src/components/layout/Header.tsx
FN:7,Header
FN:52,(anonymous_2)
FN:74,(anonymous_3)
FN:81,(anonymous_4)
FN:88,(anonymous_5)
FN:95,(anonymous_6)
FNF:6
FNH:3
FNDA:24,Header
FNDA:1,(anonymous_2)
FNDA:1,(anonymous_3)
FNDA:0,(anonymous_4)
FNDA:0,(anonymous_5)
FNDA:0,(anonymous_6)
DA:3,2
DA:4,2
DA:5,2
DA:7,22
DA:8,24
DA:52,1
DA:74,1
DA:81,0
DA:88,0
DA:95,0
LF:10
LH:7
BRDA:56,0,0,1
BRDA:67,1,0,1
BRDA:67,1,1,23
BRF:3
BRH:3
end_of_record
TN:
SF:src/components/ui/Card.tsx
FNF:0
FNH:0
DA:1,7
DA:2,7
DA:18,7
DA:29,7
DA:40,7
DA:51,7
DA:58,7
DA:69,7
DA:71,141
LF:9
LH:9
BRF:0
BRH:0
end_of_record
TN:
SF:src/data/mockData.ts
FN:4,generateHistoricalData
FN:236,(anonymous_8)
FN:237,(anonymous_9)
FN:238,(anonymous_10)
FNF:4
FNH:4
FNDA:4,generateHistoricalData
FNDA:16,(anonymous_8)
FNDA:16,(anonymous_9)
FNDA:18,(anonymous_10)
DA:5,4
DA:6,4
DA:7,4
DA:9,4
DA:10,1464
DA:11,1464
DA:13,1464
DA:14,1464
DA:16,1464
DA:17,1464
DA:18,1464
DA:19,1464
DA:20,1464
DA:22,1464
DA:33,4
DA:37,6
DA:107,2
DA:132,2
DA:158,20
DA:192,46
DA:209,17
DA:226,17
DA:233,52
DA:236,16
DA:237,16
DA:238,18
LF:26
LH:26
BRDA:4,0,0,0
BRF:1
BRH:0
end_of_record
TN:
SF:src/lib/utils.ts
FN:4,cn
FN:8,formatCurrency
FN:17,formatNumber
FN:24,formatPercentage
FN:28,formatCompactNumber
FNF:5
FNH:5
FNDA:1399,cn
FNDA:207,formatCurrency
FNDA:251,formatNumber
FNDA:246,formatPercentage
FNDA:488,formatCompactNumber
DA:1,9
DA:2,9
DA:4,1399
DA:5,1399
DA:8,207
DA:9,207
DA:17,5
DA:18,251
DA:24,246
DA:25,246
DA:28,488
DA:29,488
LF:12
LH:12
BRDA:8,0,0,206
BRDA:17,1,0,3
BRDA:24,2,0,245
BRDA:25,3,0,155
BRDA:25,3,1,91
BRF:5
BRH:5
end_of_record
